INFO: [VRFC 10-163] Analyzing VHDL file "C:/Users/NoBobi/WAVE-FORM/WAVE-FORM.srcs/sources_1/imports/NEW/clk_en.vhd" into library xil_defaultlib
INFO: [VRFC 10-3107] analyzing entity 'clk_en'
INFO: [VRFC 10-163] Analyzing VHDL file "C:/Users/NoBobi/WAVE-FORM/WAVE-FORM.srcs/sources_1/imports/NEW/control_logic.vhd" into library xil_defaultlib
INFO: [VRFC 10-3107] analyzing entity 'control_logic'
INFO: [VRFC 10-163] Analyzing VHDL file "C:/Users/NoBobi/WAVE-FORM/WAVE-FORM.srcs/sources_1/imports/Downloads/debounce.vhd" into library xil_defaultlib
INFO: [VRFC 10-3107] analyzing entity 'debounce'
INFO: [VRFC 10-163] Analyzing VHDL file "C:/Users/NoBobi/WAVE-FORM/WAVE-FORM.srcs/sources_1/imports/NEW/phase_counter.vhd" into library xil_defaultlib
INFO: [VRFC 10-3107] analyzing entity 'phase_counter'
INFO: [VRFC 10-163] Analyzing VHDL file "C:/Users/NoBobi/WAVE-FORM/WAVE-FORM.srcs/sources_1/imports/NEW/pwm.vhd" into library xil_defaultlib
INFO: [VRFC 10-3107] analyzing entity 'pwm'
INFO: [VRFC 10-163] Analyzing VHDL file "C:/Users/NoBobi/WAVE-FORM/WAVE-FORM.srcs/sources_1/imports/NEW/sawtooth_gen.vhd" into library xil_defaultlib
INFO: [VRFC 10-3107] analyzing entity 'sawtooth_gen'
INFO: [VRFC 10-163] Analyzing VHDL file "C:/Users/NoBobi/WAVE-FORM/WAVE-FORM.srcs/sources_1/imports/NEW/seg7_ctrl.vhd" into library xil_defaultlib
INFO: [VRFC 10-3107] analyzing entity 'seg7_ctrl'
INFO: [VRFC 10-163] Analyzing VHDL file "C:/Users/NoBobi/WAVE-FORM/WAVE-FORM.srcs/sources_1/imports/NEW/sine_lut.vhd" into library xil_defaultlib
INFO: [VRFC 10-3107] analyzing entity 'sine_lut'
INFO: [VRFC 10-163] Analyzing VHDL file "C:/Users/NoBobi/WAVE-FORM/WAVE-FORM.srcs/sources_1/imports/NEW/square_gen.vhd" into library xil_defaultlib
INFO: [VRFC 10-3107] analyzing entity 'square_gen'
INFO: [VRFC 10-163] Analyzing VHDL file "C:/Users/NoBobi/WAVE-FORM/WAVE-FORM.srcs/sources_1/imports/NEW/top.vhd" into library xil_defaultlib
INFO: [VRFC 10-3107] analyzing entity 'top'
INFO: [VRFC 10-163] Analyzing VHDL file "C:/Users/NoBobi/WAVE-FORM/WAVE-FORM.srcs/sources_1/imports/NEW/triangle_gen.vhd" into library xil_defaultlib
INFO: [VRFC 10-3107] analyzing entity 'triangle_gen'
INFO: [VRFC 10-163] Analyzing VHDL file "C:/Users/NoBobi/WAVE-FORM/WAVE-FORM.srcs/sources_1/imports/NEW/wave_mux.vhd" into library xil_defaultlib
INFO: [VRFC 10-3107] analyzing entity 'wave_mux'
INFO: [VRFC 10-163] Analyzing VHDL file "C:/Users/NoBobi/WAVE-FORM/WAVE-FORM.srcs/sim_1/imports/Downloads/tb_top.vhd" into library xil_defaultlib
INFO: [VRFC 10-3107] analyzing entity 'tb_top'
